2024-02-04 09:07:15.759 [info] Reading sessions from keychain...
2024-02-04 09:07:15.760 [info] Getting sessions for all scopes...
2024-02-04 09:07:15.760 [info] Got stored sessions!
2024-02-04 09:07:15.760 [info] Got 1 verified sessions.
2024-02-04 09:07:15.761 [info] Got 1 sessions for ...
2024-02-04 09:07:15.761 [info] Getting sessions for all scopes...
2024-02-04 09:07:15.761 [info] Got 1 sessions for ...
2024-02-04 09:07:15.761 [info] Getting sessions for read:user,repo,user:email,workflow...
2024-02-04 09:07:15.762 [info] Got 1 sessions for read:user,repo,user:email,workflow...
2024-02-04 09:07:16.820 [info] Getting sessions for read:user,repo,user:email,workflow...
2024-02-04 09:07:16.820 [info] Got 1 sessions for read:user,repo,user:email,workflow...
2024-02-04 09:09:16.784 [info] Getting sessions for user:email...
2024-02-04 09:09:16.784 [info] Got 0 sessions for user:email...
2024-02-04 09:09:16.934 [info] Getting sessions for all scopes...
2024-02-04 09:09:16.934 [info] Got 1 sessions for ...
2024-02-04 09:09:19.077 [info] Logging in for the following scopes: user:email
2024-02-04 09:09:19.119 [info] Trying without local server... (user:email)
2024-02-04 09:10:45.894 [info] Getting sessions for all scopes...
2024-02-04 09:10:45.895 [info] Got 1 sessions for ...
2024-02-04 09:10:48.285 [info] Logging out of a300933ff43fd0cc
2024-02-04 09:10:48.287 [info] Storing 0 sessions...
2024-02-04 09:10:48.352 [info] Reading sessions from keychain...
2024-02-04 09:10:48.354 [info] Stored 0 sessions!
2024-02-04 09:10:48.360 [info] Got stored sessions!
2024-02-04 09:10:48.361 [info] Got 0 verified sessions.
2024-02-04 09:10:48.854 [info] Getting sessions for read:user,repo,user:email,workflow...
2024-02-04 09:10:48.854 [info] Got 0 sessions for read:user,repo,user:email,workflow...
2024-02-04 09:10:58.485 [error] User Cancelled
2024-02-04 09:11:02.303 [info] Trying with local server... (user:email)
2024-02-04 09:11:03.774 [error] User Cancelled
2024-02-04 09:11:19.543 [info] Getting sessions for user:email...
2024-02-04 09:11:19.543 [info] Got 0 sessions for user:email...
2024-02-04 09:11:21.757 [info] Logging in for the following scopes: user:email
2024-02-04 09:11:21.776 [info] Trying without local server... (user:email)
2024-02-04 09:16:21.779 [error] Timed out
2024-02-04 09:18:06.971 [error] Canceled
2024-02-04 09:18:06.972 [error] Canceled
2024-02-04 09:18:06.973 [error] Error: No auth flow succeeded.
	at a.GitHubServer.login (/usr/share/code/resources/app/extensions/github-authentication/dist/extension.js:2:260022)
	at async a.GitHubAuthenticationProvider.createSession (/usr/share/code/resources/app/extensions/github-authentication/dist/extension.js:2:256495)
2024-02-04 09:18:06.975 [error] Canceled
2024-02-04 09:18:06.976 [error] Error: No auth flow succeeded.
	at a.GitHubServer.login (/usr/share/code/resources/app/extensions/github-authentication/dist/extension.js:2:260022)
	at async a.GitHubAuthenticationProvider.createSession (/usr/share/code/resources/app/extensions/github-authentication/dist/extension.js:2:256495)
