2024-02-03 14:23:53.394 [info] Added views:workbench.panel.markers.view in workbench.panel.markers
2024-02-03 14:23:53.394 [info] Added views:workbench.panel.output in workbench.panel.output
2024-02-03 14:23:53.394 [info] Added views:terminal in terminal
2024-02-03 14:23:53.394 [info] Added views:outline in workbench.view.explorer
2024-02-03 14:23:53.394 [info] Added views:workbench.scm in workbench.view.scm
2024-02-03 14:23:53.395 [info] Added views:workbench.view.search in workbench.view.search
2024-02-03 14:23:53.395 [info] Added views:timeline in workbench.view.explorer
2024-02-03 14:23:53.395 [info] Added views:workbench.explorer.emptyView in workbench.view.explorer
2024-02-03 14:23:54.615 [info] Added views:workbench.debug.variablesView,workbench.debug.watchExpressionsView,workbench.debug.callStackView,workbench.debug.breakPointsView in workbench.view.debug
2024-02-03 14:23:55.244 [info] Added views:dockerExplorerContainers,dockerExplorerImages,azureRegistries,DockerHubTreeView,suggestedDockerImages in workbench.view.explorer
2024-02-03 14:23:55.245 [info] Added views:dockerContainers,dockerImages,dockerRegistries,dockerNetworks,dockerVolumes,vscode-docker.views.dockerContexts,vscode-docker.views.help in workbench.view.extension.dockerView
2024-02-03 14:23:55.245 [info] Added views:targetsContainers,devVolumes in workbench.view.remote
2024-02-03 14:23:55.251 [info] Added views:dockerComposeProjects,dockerComposeServices in workbench.view.extension.dockerComposeView
2024-02-03 14:23:55.255 [info] Added views:ansible-creator,lightspeed-explorer-treeview,lightspeed-feedback-webview in workbench.view.extension.ansible-explorer
2024-02-03 14:23:55.317 [info] Added views:~remote.forwardedPorts in ~remote.forwardedPortsContainer
2024-02-03 14:23:55.546 [info] Added views:workbench.panel.repl.view in workbench.panel.repl
2024-02-03 14:23:55.547 [info] Removed views:workbench.debug.breakPointsView,workbench.debug.callStackView,workbench.debug.watchExpressionsView,workbench.debug.variablesView from workbench.view.debug
2024-02-03 14:23:55.550 [info] Added views:workbench.debug.welcome in workbench.view.debug
2024-02-03 14:26:02.881 [info] Added views:workbench.panel.markers.view in workbench.panel.markers
2024-02-03 14:26:02.881 [info] Added views:workbench.panel.output in workbench.panel.output
2024-02-03 14:26:02.881 [info] Added views:terminal in terminal
2024-02-03 14:26:02.881 [info] Added views:outline in workbench.view.explorer
2024-02-03 14:26:02.881 [info] Added views:workbench.scm in workbench.view.scm
2024-02-03 14:26:02.881 [info] Added views:workbench.view.search in workbench.view.search
2024-02-03 14:26:02.881 [info] Added views:timeline in workbench.view.explorer
2024-02-03 14:26:02.881 [info] Added views:workbench.explorer.fileView in workbench.view.explorer
2024-02-03 14:26:03.532 [info] Added views:dockerContainers,dockerImages,dockerRegistries,dockerNetworks,dockerVolumes,vscode-docker.views.dockerContexts,vscode-docker.views.help in workbench.view.extension.dockerView
2024-02-03 14:26:03.534 [info] Added views:targetsContainers,devVolumes in workbench.view.remote
2024-02-03 14:26:03.892 [info] Added views:workbench.debug.variablesView,workbench.debug.watchExpressionsView,workbench.debug.callStackView,workbench.debug.breakPointsView in workbench.view.debug
2024-02-03 14:26:03.975 [info] Added views:workbench.panel.repl.view in workbench.panel.repl
2024-02-03 14:26:03.977 [info] Removed views:workbench.debug.breakPointsView,workbench.debug.callStackView,workbench.debug.watchExpressionsView,workbench.debug.variablesView from workbench.view.debug
2024-02-03 14:26:03.978 [info] Added views:workbench.debug.welcome in workbench.view.debug
2024-02-03 14:26:04.450 [info] Added views:~remote.forwardedPorts in ~remote.forwardedPortsContainer
2024-02-03 14:26:08.997 [info] Added views:dockerExplorerContainers,dockerExplorerImages,azureRegistries,DockerHubTreeView,suggestedDockerImages in workbench.view.explorer
2024-02-03 14:26:09.001 [info] Added views:dockerComposeProjects,dockerComposeServices in workbench.view.extension.dockerComposeView
2024-02-03 14:26:09.006 [info] Added views:ansible-creator,lightspeed-explorer-treeview,lightspeed-feedback-webview in workbench.view.extension.ansible-explorer
2024-02-03 14:26:24.409 [info] Added views:workbench.view.testing in workbench.view.extension.test
