2024-02-03 17:49:29.791 [info] Experiment 'pythonRecommendTensorboardExt' is active
2024-02-03 17:49:29.791 [info] Experiment 'pythonREPLSmartSend' is active
2024-02-03 17:49:29.793 [info] Experiment 'pythonTerminalEnvVarActivation' is active
2024-02-03 17:49:29.794 [info] Experiment 'pythonTestAdapter' is active
2024-02-03 17:49:29.942 [info] Default formatter is set to null for workspace /home/georg/ansible-wp
2024-02-03 17:49:30.000 [info] Test server listening.
2024-02-03 17:49:30.027 [info] > conda info --json
2024-02-03 17:49:30.378 [info] Found: /bin/python --> /bin/python3.11
2024-02-03 17:49:30.385 [info] Found: /bin/python3 --> /bin/python3.11
2024-02-03 17:49:30.387 [info] Found: /bin/python3.11 --> /bin/python3.11
2024-02-03 17:49:30.438 [info] Found: /usr/bin/python --> /usr/bin/python3.11
2024-02-03 17:49:30.444 [info] Found: /usr/bin/python3 --> /usr/bin/python3.11
2024-02-03 17:49:30.445 [info] Found: /usr/bin/python3.11 --> /usr/bin/python3.11
2024-02-03 17:49:30.598 [warning] Retry failed, storage update failed for key PYTHON_GLOBAL_STORAGE_KEYS
2024-02-03 17:49:30.601 [warning] Retry failed, storage update failed for key PYTHON_GLOBAL_STORAGE_KEYS
2024-02-03 17:49:30.601 [warning] Retry failed, storage update failed for key PYTHON_GLOBAL_STORAGE_KEYS
2024-02-03 17:49:30.602 [warning] Retry failed, storage update failed for key PYTHON_GLOBAL_STORAGE_KEYS
2024-02-03 17:49:30.605 [warning] Retry failed, storage update failed for key PYTHON_WORKSPACE_STORAGE_KEYS
2024-02-03 17:49:30.605 [warning] Retry failed, storage update failed for key PYTHON_WORKSPACE_STORAGE_KEYS
2024-02-03 17:49:30.605 [warning] Retry failed, storage update failed for key PYTHON_WORKSPACE_STORAGE_KEYS
2024-02-03 17:49:30.698 [info] > /bin/python -I ~/.vscode/extensions/ms-python.python-2024.0.0/pythonFiles/get_output_via_markers.py ~/.vscode/extensions/ms-python.python-2024.0.0/pythonFiles/interpreterInfo.py
2024-02-03 17:49:30.792 [info] > /usr/bin/python -I ~/.vscode/extensions/ms-python.python-2024.0.0/pythonFiles/get_output_via_markers.py ~/.vscode/extensions/ms-python.python-2024.0.0/pythonFiles/interpreterInfo.py
2024-02-03 17:49:30.967 [info] Python interpreter path: /bin/python
2024-02-03 17:49:31.038 [info] Send text to terminal: echo /usr/bin/bash
2024-02-03 17:49:31.978 [warning] Retry failed, storage update failed for key PYTHON_GLOBAL_STORAGE_KEYS
2024-02-03 17:49:33.732 [info] Starting Pylance language server.
2024-02-03 17:49:34.037 [info] Shell integration is not working for bash
2024-02-03 17:49:34.039 [warning] Shell integration is not active, environment activated maybe overriden by the shell.
2024-02-04 08:54:28.808 [info] Discover tests for workspace name: undefined - uri: /home/georg/ansible-wp/ansible/demo01/~/.vscode-root/User/settings.json
2024-02-04 08:54:29.197 [info] Discover tests for workspace name: undefined - uri: /home/georg/ansible-wp/ansible/demo01/~/.vscode-root/User/settings.json
