2024-02-04 09:07:14.070 [info] Protokolliergrad: Info
2024-02-04 09:07:14.070 [info] Gefundenes Git wird 端berpr端ft in: "git"
2024-02-04 09:07:14.070 [info] Git "2.39.2" von "git" verwenden
2024-02-04 09:07:14.070 [info] > git rev-parse --show-toplevel [145ms]
2024-02-04 09:07:14.079 [info] > git rev-parse --git-dir --git-common-dir [10ms]
2024-02-04 09:07:14.126 [info] Open repository: /home/georg/ansible-wp
2024-02-04 09:07:14.225 [info] > git rev-parse --show-toplevel [35ms]
2024-02-04 09:07:14.227 [info] > git config --get commit.template [53ms]
2024-02-04 09:07:14.378 [info] > git rev-parse --show-toplevel [76ms]
2024-02-04 09:07:14.394 [info] > git for-each-ref --format=%(refname)%00%(upstream:short)%00%(objectname)%00%(upstream:track)%00%(upstream:remotename)%00%(upstream:remoteref) refs/heads/main refs/remotes/main [25ms]
2024-02-04 09:07:14.407 [info] > git rev-parse --show-toplevel [15ms]
2024-02-04 09:07:14.440 [info] > git rev-parse --show-toplevel [22ms]
2024-02-04 09:07:14.488 [info] > git status -z -uall [51ms]
2024-02-04 09:07:14.540 [info] > git config --get commit.template [4ms]
2024-02-04 09:07:14.557 [info] > git for-each-ref --format=%(refname)%00%(upstream:short)%00%(objectname)%00%(upstream:track)%00%(upstream:remotename)%00%(upstream:remoteref) refs/heads/main refs/remotes/main [3ms]
2024-02-04 09:07:14.584 [info] > git status -z -uall [18ms]
2024-02-04 09:07:14.757 [info] > git fetch [632ms]
2024-02-04 09:07:14.995 [info] > git config --get commit.template [191ms]
2024-02-04 09:07:15.012 [info] > git check-ignore -v -z --stdin [27ms]
2024-02-04 09:07:15.083 [info] > git for-each-ref --format=%(refname)%00%(upstream:short)%00%(objectname)%00%(upstream:track)%00%(upstream:remotename)%00%(upstream:remoteref) refs/heads/main refs/remotes/main [28ms]
2024-02-04 09:07:15.387 [info] > git status -z -uall [197ms]
2024-02-04 09:07:15.587 [info] > git show --textconv :ansible/demo01/docker_paperless.yaml [100ms]
2024-02-04 09:07:15.588 [info] > git ls-files --stage -- /home/georg/ansible-wp/ansible/demo01/docker_paperless.yaml [78ms]
2024-02-04 09:07:15.736 [info] > git cat-file -s f71cf55b63fdcb0a21ea118c890bfe7b1710f911 [139ms]
2024-02-04 09:07:18.779 [info] > git config --get commit.template [1ms]
2024-02-04 09:07:18.790 [info] > git for-each-ref --format=%(refname)%00%(upstream:short)%00%(objectname)%00%(upstream:track)%00%(upstream:remotename)%00%(upstream:remoteref) refs/heads/main refs/remotes/main [3ms]
2024-02-04 09:07:18.834 [info] > git status -z -uall [33ms]
2024-02-04 09:07:25.849 [info] > git config --get commit.template [2ms]
2024-02-04 09:07:25.857 [info] > git for-each-ref --format=%(refname)%00%(upstream:short)%00%(objectname)%00%(upstream:track)%00%(upstream:remotename)%00%(upstream:remoteref) refs/heads/main refs/remotes/main [1ms]
2024-02-04 09:07:25.879 [info] > git status -z -uall [16ms]
2024-02-04 09:07:28.332 [info] > git ls-files --stage -- /home/georg/ansible-wp/ansible/demo01/docker_paperless.yaml [1ms]
2024-02-04 09:07:28.339 [info] > git cat-file -s f71cf55b63fdcb0a21ea118c890bfe7b1710f911 [1ms]
2024-02-04 09:07:28.349 [info] > git show --textconv :ansible/demo01/docker_paperless.yaml [1ms]
2024-02-04 09:07:30.898 [info] > git config --get commit.template [2ms]
2024-02-04 09:07:30.907 [info] > git for-each-ref --format=%(refname)%00%(upstream:short)%00%(objectname)%00%(upstream:track)%00%(upstream:remotename)%00%(upstream:remoteref) refs/heads/main refs/remotes/main [2ms]
2024-02-04 09:07:30.941 [info] > git status -z -uall [24ms]
2024-02-04 09:07:36.280 [info] > git config --get commit.template [10ms]
2024-02-04 09:07:36.281 [info] > git for-each-ref --format=%(refname)%00%(upstream:short)%00%(objectname)%00%(upstream:track)%00%(upstream:remotename)%00%(upstream:remoteref) refs/heads/main refs/remotes/main [2ms]
2024-02-04 09:07:36.309 [info] > git status -z -uall [20ms]
2024-02-04 09:07:41.340 [info] > git config --get commit.template [14ms]
2024-02-04 09:07:41.340 [info] > git for-each-ref --format=%(refname)%00%(upstream:short)%00%(objectname)%00%(upstream:track)%00%(upstream:remotename)%00%(upstream:remoteref) refs/heads/main refs/remotes/main [2ms]
2024-02-04 09:07:41.364 [info] > git status -z -uall [17ms]
2024-02-04 09:07:46.383 [info] > git config --get commit.template [2ms]
2024-02-04 09:07:46.391 [info] > git for-each-ref --format=%(refname)%00%(upstream:short)%00%(objectname)%00%(upstream:track)%00%(upstream:remotename)%00%(upstream:remoteref) refs/heads/main refs/remotes/main [2ms]
2024-02-04 09:07:46.414 [info] > git status -z -uall [16ms]
2024-02-04 09:07:53.081 [info] > git config --get commit.template [1ms]
2024-02-04 09:07:53.089 [info] > git for-each-ref --format=%(refname)%00%(upstream:short)%00%(objectname)%00%(upstream:track)%00%(upstream:remotename)%00%(upstream:remoteref) refs/heads/main refs/remotes/main [1ms]
2024-02-04 09:07:53.113 [info] > git status -z -uall [15ms]
2024-02-04 09:07:58.130 [info] > git config --get commit.template [2ms]
2024-02-04 09:07:58.139 [info] > git for-each-ref --format=%(refname)%00%(upstream:short)%00%(objectname)%00%(upstream:track)%00%(upstream:remotename)%00%(upstream:remoteref) refs/heads/main refs/remotes/main [2ms]
2024-02-04 09:07:58.170 [info] > git status -z -uall [23ms]
2024-02-04 09:08:03.189 [info] > git config --get commit.template [2ms]
2024-02-04 09:08:03.196 [info] > git for-each-ref --format=%(refname)%00%(upstream:short)%00%(objectname)%00%(upstream:track)%00%(upstream:remotename)%00%(upstream:remoteref) refs/heads/main refs/remotes/main [2ms]
2024-02-04 09:08:03.218 [info] > git status -z -uall [16ms]
2024-02-04 09:08:08.233 [info] > git config --get commit.template [1ms]
2024-02-04 09:08:08.247 [info] > git for-each-ref --format=%(refname)%00%(upstream:short)%00%(objectname)%00%(upstream:track)%00%(upstream:remotename)%00%(upstream:remoteref) refs/heads/main refs/remotes/main [4ms]
2024-02-04 09:08:08.278 [info] > git status -z -uall [18ms]
2024-02-04 09:08:18.031 [info] > git check-ignore -v -z --stdin [4ms]
2024-02-04 09:08:18.885 [info] > git config --get commit.template [2ms]
2024-02-04 09:08:18.896 [info] > git for-each-ref --format=%(refname)%00%(upstream:short)%00%(objectname)%00%(upstream:track)%00%(upstream:remotename)%00%(upstream:remoteref) refs/heads/main refs/remotes/main [2ms]
2024-02-04 09:08:18.929 [info] > git status -z -uall [19ms]
2024-02-04 09:08:30.549 [info] > git config --get commit.template [2ms]
2024-02-04 09:08:30.557 [info] > git for-each-ref --format=%(refname)%00%(upstream:short)%00%(objectname)%00%(upstream:track)%00%(upstream:remotename)%00%(upstream:remoteref) refs/heads/main refs/remotes/main [2ms]
2024-02-04 09:08:30.600 [info] > git status -z -uall [36ms]
2024-02-04 09:08:43.340 [info] > git show --textconv :ansible/demo01/docker_pihole.yaml [14ms]
2024-02-04 09:08:43.343 [info] > git ls-files --stage -- /home/georg/ansible-wp/ansible/demo01/docker_pihole.yaml [4ms]
2024-02-04 09:08:43.356 [info] > git cat-file -s f5e6cdc044de0201ce85cae9801f39f96226a181 [4ms]
2024-02-04 09:08:44.810 [info] > git config --get commit.template [2ms]
2024-02-04 09:08:44.829 [info] > git for-each-ref --format=%(refname)%00%(upstream:short)%00%(objectname)%00%(upstream:track)%00%(upstream:remotename)%00%(upstream:remoteref) refs/heads/main refs/remotes/main [2ms]
2024-02-04 09:08:44.864 [info] > git status -z -uall [23ms]
2024-02-04 09:08:47.065 [info] > git show --textconv :ansible/demo01/docker_pmnginx.yaml [12ms]
2024-02-04 09:08:47.068 [info] > git ls-files --stage -- /home/georg/ansible-wp/ansible/demo01/docker_pmnginx.yaml [5ms]
2024-02-04 09:08:47.075 [info] > git cat-file -s 1a352d583d34fadeca67db38e0a60700f29df749 [1ms]
2024-02-04 09:08:49.884 [info] > git config --get commit.template [2ms]
2024-02-04 09:08:49.892 [info] > git for-each-ref --format=%(refname)%00%(upstream:short)%00%(objectname)%00%(upstream:track)%00%(upstream:remotename)%00%(upstream:remoteref) refs/heads/main refs/remotes/main [1ms]
2024-02-04 09:08:49.921 [info] > git status -z -uall [21ms]
2024-02-04 09:08:56.289 [info] > git config --get commit.template [2ms]
2024-02-04 09:08:56.296 [info] > git for-each-ref --format=%(refname)%00%(upstream:short)%00%(objectname)%00%(upstream:track)%00%(upstream:remotename)%00%(upstream:remoteref) refs/heads/main refs/remotes/main [2ms]
2024-02-04 09:08:56.319 [info] > git status -z -uall [16ms]
2024-02-04 09:09:07.361 [info] > git config --get commit.template [2ms]
2024-02-04 09:09:07.370 [info] > git for-each-ref --format=%(refname)%00%(upstream:short)%00%(objectname)%00%(upstream:track)%00%(upstream:remotename)%00%(upstream:remoteref) refs/heads/main refs/remotes/main [2ms]
2024-02-04 09:09:07.400 [info] > git status -z -uall [22ms]
2024-02-04 09:09:14.510 [info] > git config --get commit.template [7ms]
2024-02-04 09:09:14.510 [info] > git for-each-ref --format=%(refname)%00%(upstream:short)%00%(objectname)%00%(upstream:track)%00%(upstream:remotename)%00%(upstream:remoteref) refs/heads/main refs/remotes/main [1ms]
2024-02-04 09:09:14.533 [info] > git status -z -uall [17ms]
2024-02-04 09:09:19.580 [info] > git config --get commit.template [21ms]
2024-02-04 09:09:19.587 [info] > git for-each-ref --format=%(refname)%00%(upstream:short)%00%(objectname)%00%(upstream:track)%00%(upstream:remotename)%00%(upstream:remoteref) refs/heads/main refs/remotes/main [9ms]
2024-02-04 09:09:19.635 [info] > git status -z -uall [30ms]
2024-02-04 09:09:24.712 [info] > git config --get commit.template [31ms]
2024-02-04 09:09:24.719 [info] > git for-each-ref --format=%(refname)%00%(upstream:short)%00%(objectname)%00%(upstream:track)%00%(upstream:remotename)%00%(upstream:remoteref) refs/heads/main refs/remotes/main [9ms]
2024-02-04 09:09:24.764 [info] > git status -z -uall [26ms]
2024-02-04 09:09:29.826 [info] > git config --get commit.template [31ms]
2024-02-04 09:09:29.856 [info] > git for-each-ref --format=%(refname)%00%(upstream:short)%00%(objectname)%00%(upstream:track)%00%(upstream:remotename)%00%(upstream:remoteref) refs/heads/main refs/remotes/main [30ms]
2024-02-04 09:09:29.982 [info] > git status -z -uall [86ms]
2024-02-04 09:09:35.017 [info] > git config --get commit.template [10ms]
2024-02-04 09:09:35.019 [info] > git for-each-ref --format=%(refname)%00%(upstream:short)%00%(objectname)%00%(upstream:track)%00%(upstream:remotename)%00%(upstream:remoteref) refs/heads/main refs/remotes/main [3ms]
2024-02-04 09:09:35.050 [info] > git status -z -uall [17ms]
2024-02-04 09:10:04.913 [info] > git config --get commit.template [2ms]
2024-02-04 09:10:04.928 [info] > git for-each-ref --format=%(refname)%00%(upstream:short)%00%(objectname)%00%(upstream:track)%00%(upstream:remotename)%00%(upstream:remoteref) refs/heads/main refs/remotes/main [3ms]
2024-02-04 09:10:04.962 [info] > git status -z -uall [23ms]
2024-02-04 09:10:09.995 [info] > git config --get commit.template [13ms]
2024-02-04 09:10:09.997 [info] > git for-each-ref --format=%(refname)%00%(upstream:short)%00%(objectname)%00%(upstream:track)%00%(upstream:remotename)%00%(upstream:remoteref) refs/heads/main refs/remotes/main [3ms]
2024-02-04 09:10:10.026 [info] > git status -z -uall [20ms]
2024-02-04 09:10:15.808 [info] > git fetch [400ms]
2024-02-04 09:10:15.841 [info] > git for-each-ref --format=%(refname)%00%(upstream:short)%00%(objectname)%00%(upstream:track)%00%(upstream:remotename)%00%(upstream:remoteref) refs/heads/main refs/remotes/main [6ms]
2024-02-04 09:10:15.841 [info] > git config --get commit.template [21ms]
2024-02-04 09:10:15.881 [info] > git status -z -uall [27ms]
2024-02-04 09:10:17.100 [info] > git config --get commit.template [50ms]
2024-02-04 09:10:17.112 [info] > git for-each-ref --format=%(refname)%00%(upstream:short)%00%(objectname)%00%(upstream:track)%00%(upstream:remotename)%00%(upstream:remoteref) refs/heads/main refs/remotes/main [15ms]
2024-02-04 09:10:17.224 [info] > git status -z -uall [65ms]
2024-02-04 09:10:42.193 [info] > git config --get commit.template [2ms]
2024-02-04 09:10:42.206 [info] > git for-each-ref --format=%(refname)%00%(upstream:short)%00%(objectname)%00%(upstream:track)%00%(upstream:remotename)%00%(upstream:remoteref) refs/heads/main refs/remotes/main [3ms]
2024-02-04 09:10:42.240 [info] > git status -z -uall [23ms]
2024-02-04 09:10:48.331 [info] > git config --get commit.template [2ms]
2024-02-04 09:10:48.354 [info] > git for-each-ref --format=%(refname)%00%(upstream:short)%00%(objectname)%00%(upstream:track)%00%(upstream:remotename)%00%(upstream:remoteref) refs/heads/main refs/remotes/main [2ms]
2024-02-04 09:10:48.406 [info] > git status -z -uall [35ms]
2024-02-04 09:10:53.448 [info] > git config --get commit.template [12ms]
2024-02-04 09:10:53.449 [info] > git for-each-ref --format=%(refname)%00%(upstream:short)%00%(objectname)%00%(upstream:track)%00%(upstream:remotename)%00%(upstream:remoteref) refs/heads/main refs/remotes/main [2ms]
2024-02-04 09:10:53.483 [info] > git status -z -uall [22ms]
2024-02-04 09:10:58.509 [info] > git config --get commit.template [10ms]
2024-02-04 09:10:58.511 [info] > git for-each-ref --format=%(refname)%00%(upstream:short)%00%(objectname)%00%(upstream:track)%00%(upstream:remotename)%00%(upstream:remoteref) refs/heads/main refs/remotes/main [3ms]
2024-02-04 09:10:58.541 [info] > git status -z -uall [20ms]
2024-02-04 09:11:03.629 [info] > git config --get commit.template [32ms]
2024-02-04 09:11:03.638 [info] > git for-each-ref --format=%(refname)%00%(upstream:short)%00%(objectname)%00%(upstream:track)%00%(upstream:remotename)%00%(upstream:remoteref) refs/heads/main refs/remotes/main [10ms]
2024-02-04 09:11:03.702 [info] > git status -z -uall [36ms]
2024-02-04 09:11:08.734 [info] > git config --get commit.template [3ms]
2024-02-04 09:11:08.746 [info] > git for-each-ref --format=%(refname)%00%(upstream:short)%00%(objectname)%00%(upstream:track)%00%(upstream:remotename)%00%(upstream:remoteref) refs/heads/main refs/remotes/main [2ms]
2024-02-04 09:11:08.778 [info] > git status -z -uall [20ms]
2024-02-04 09:11:13.795 [info] > git config --get commit.template [1ms]
2024-02-04 09:11:13.804 [info] > git for-each-ref --format=%(refname)%00%(upstream:short)%00%(objectname)%00%(upstream:track)%00%(upstream:remotename)%00%(upstream:remoteref) refs/heads/main refs/remotes/main [2ms]
2024-02-04 09:11:13.836 [info] > git status -z -uall [25ms]
2024-02-04 09:11:20.630 [info] > git config --get commit.template [1ms]
2024-02-04 09:11:20.639 [info] > git for-each-ref --format=%(refname)%00%(upstream:short)%00%(objectname)%00%(upstream:track)%00%(upstream:remotename)%00%(upstream:remoteref) refs/heads/main refs/remotes/main [1ms]
2024-02-04 09:11:20.661 [info] > git status -z -uall [16ms]
2024-02-04 09:11:25.765 [info] > git config --get commit.template [61ms]
2024-02-04 09:11:25.776 [info] > git for-each-ref --format=%(refname)%00%(upstream:short)%00%(objectname)%00%(upstream:track)%00%(upstream:remotename)%00%(upstream:remoteref) refs/heads/main refs/remotes/main [13ms]
2024-02-04 09:11:25.881 [info] > git status -z -uall [81ms]
2024-02-04 09:11:30.927 [info] > git config --get commit.template [2ms]
2024-02-04 09:11:30.959 [info] > git for-each-ref --format=%(refname)%00%(upstream:short)%00%(objectname)%00%(upstream:track)%00%(upstream:remotename)%00%(upstream:remoteref) refs/heads/main refs/remotes/main [6ms]
2024-02-04 09:11:31.079 [info] > git status -z -uall [62ms]
2024-02-04 09:11:38.430 [info] > git config --get commit.template [33ms]
2024-02-04 09:11:38.432 [info] > git for-each-ref --format=%(refname)%00%(upstream:short)%00%(objectname)%00%(upstream:track)%00%(upstream:remotename)%00%(upstream:remoteref) refs/heads/main refs/remotes/main [3ms]
2024-02-04 09:11:38.510 [info] > git status -z -uall [61ms]
2024-02-04 09:12:34.969 [info] > git config --get commit.template [2ms]
2024-02-04 09:12:34.982 [info] > git for-each-ref --format=%(refname)%00%(upstream:short)%00%(objectname)%00%(upstream:track)%00%(upstream:remotename)%00%(upstream:remoteref) refs/heads/main refs/remotes/main [2ms]
2024-02-04 09:12:35.011 [info] > git status -z -uall [20ms]
2024-02-04 09:12:40.027 [info] > git config --get commit.template [1ms]
2024-02-04 09:12:40.040 [info] > git for-each-ref --format=%(refname)%00%(upstream:short)%00%(objectname)%00%(upstream:track)%00%(upstream:remotename)%00%(upstream:remoteref) refs/heads/main refs/remotes/main [4ms]
2024-02-04 09:12:40.075 [info] > git status -z -uall [25ms]
2024-02-04 09:13:16.319 [info] > git fetch [418ms]
2024-02-04 09:13:16.335 [info] > git config --get commit.template [8ms]
2024-02-04 09:13:16.337 [info] > git for-each-ref --format=%(refname)%00%(upstream:short)%00%(objectname)%00%(upstream:track)%00%(upstream:remotename)%00%(upstream:remoteref) refs/heads/main refs/remotes/main [3ms]
2024-02-04 09:13:16.365 [info] > git status -z -uall [17ms]
2024-02-04 09:13:17.507 [info] > git config --get commit.template [2ms]
2024-02-04 09:13:17.521 [info] > git for-each-ref --format=%(refname)%00%(upstream:short)%00%(objectname)%00%(upstream:track)%00%(upstream:remotename)%00%(upstream:remoteref) refs/heads/main refs/remotes/main [2ms]
2024-02-04 09:13:17.548 [info] > git status -z -uall [17ms]
2024-02-04 09:14:53.836 [info] > git config --get commit.template [9ms]
2024-02-04 09:14:53.858 [info] > git for-each-ref --format=%(refname)%00%(upstream:short)%00%(objectname)%00%(upstream:track)%00%(upstream:remotename)%00%(upstream:remoteref) refs/heads/main refs/remotes/main [3ms]
2024-02-04 09:14:53.899 [info] > git status -z -uall [23ms]
2024-02-04 09:15:01.203 [info] > git config --get commit.template [9ms]
2024-02-04 09:15:01.205 [info] > git for-each-ref --format=%(refname)%00%(upstream:short)%00%(objectname)%00%(upstream:track)%00%(upstream:remotename)%00%(upstream:remoteref) refs/heads/main refs/remotes/main [2ms]
2024-02-04 09:15:01.241 [info] > git status -z -uall [23ms]
2024-02-04 09:15:06.263 [info] > git config --get commit.template [2ms]
2024-02-04 09:15:06.277 [info] > git for-each-ref --format=%(refname)%00%(upstream:short)%00%(objectname)%00%(upstream:track)%00%(upstream:remotename)%00%(upstream:remoteref) refs/heads/main refs/remotes/main [3ms]
2024-02-04 09:15:06.312 [info] > git status -z -uall [22ms]
2024-02-04 09:15:11.344 [info] > git config --get commit.template [14ms]
2024-02-04 09:15:11.346 [info] > git for-each-ref --format=%(refname)%00%(upstream:short)%00%(objectname)%00%(upstream:track)%00%(upstream:remotename)%00%(upstream:remoteref) refs/heads/main refs/remotes/main [5ms]
2024-02-04 09:15:11.388 [info] > git status -z -uall [32ms]
2024-02-04 09:15:19.576 [info] > git config --get commit.template [13ms]
2024-02-04 09:15:19.578 [info] > git for-each-ref --format=%(refname)%00%(upstream:short)%00%(objectname)%00%(upstream:track)%00%(upstream:remotename)%00%(upstream:remoteref) refs/heads/main refs/remotes/main [4ms]
2024-02-04 09:15:19.615 [info] > git status -z -uall [23ms]
2024-02-04 09:15:24.642 [info] > git config --get commit.template [5ms]
2024-02-04 09:15:24.661 [info] > git for-each-ref --format=%(refname)%00%(upstream:short)%00%(objectname)%00%(upstream:track)%00%(upstream:remotename)%00%(upstream:remoteref) refs/heads/main refs/remotes/main [3ms]
2024-02-04 09:15:24.698 [info] > git status -z -uall [22ms]
2024-02-04 09:15:29.719 [info] > git config --get commit.template [1ms]
2024-02-04 09:15:29.726 [info] > git for-each-ref --format=%(refname)%00%(upstream:short)%00%(objectname)%00%(upstream:track)%00%(upstream:remotename)%00%(upstream:remoteref) refs/heads/main refs/remotes/main [1ms]
2024-02-04 09:15:29.756 [info] > git status -z -uall [21ms]
2024-02-04 09:15:35.734 [info] > git config --get commit.template [11ms]
2024-02-04 09:15:35.735 [info] > git for-each-ref --format=%(refname)%00%(upstream:short)%00%(objectname)%00%(upstream:track)%00%(upstream:remotename)%00%(upstream:remoteref) refs/heads/main refs/remotes/main [3ms]
2024-02-04 09:15:35.763 [info] > git status -z -uall [19ms]
2024-02-04 09:15:44.363 [info] > git config --get commit.template [2ms]
2024-02-04 09:15:44.376 [info] > git for-each-ref --format=%(refname)%00%(upstream:short)%00%(objectname)%00%(upstream:track)%00%(upstream:remotename)%00%(upstream:remoteref) refs/heads/main refs/remotes/main [2ms]
2024-02-04 09:15:44.406 [info] > git status -z -uall [20ms]
2024-02-04 09:15:49.428 [info] > git config --get commit.template [2ms]
2024-02-04 09:15:49.437 [info] > git for-each-ref --format=%(refname)%00%(upstream:short)%00%(objectname)%00%(upstream:track)%00%(upstream:remotename)%00%(upstream:remoteref) refs/heads/main refs/remotes/main [2ms]
2024-02-04 09:15:49.471 [info] > git status -z -uall [22ms]
2024-02-04 09:15:54.493 [info] > git config --get commit.template [2ms]
2024-02-04 09:15:54.508 [info] > git for-each-ref --format=%(refname)%00%(upstream:short)%00%(objectname)%00%(upstream:track)%00%(upstream:remotename)%00%(upstream:remoteref) refs/heads/main refs/remotes/main [3ms]
2024-02-04 09:15:54.544 [info] > git status -z -uall [23ms]
2024-02-04 09:16:00.521 [info] > git config --get commit.template [12ms]
2024-02-04 09:16:00.522 [info] > git for-each-ref --format=%(refname)%00%(upstream:short)%00%(objectname)%00%(upstream:track)%00%(upstream:remotename)%00%(upstream:remoteref) refs/heads/main refs/remotes/main [3ms]
2024-02-04 09:16:00.556 [info] > git status -z -uall [22ms]
2024-02-04 09:16:07.476 [info] > git config --get commit.template [2ms]
2024-02-04 09:16:07.488 [info] > git for-each-ref --format=%(refname)%00%(upstream:short)%00%(objectname)%00%(upstream:track)%00%(upstream:remotename)%00%(upstream:remoteref) refs/heads/main refs/remotes/main [3ms]
2024-02-04 09:16:07.523 [info] > git status -z -uall [26ms]
2024-02-04 09:16:12.543 [info] > git config --get commit.template [2ms]
2024-02-04 09:16:12.555 [info] > git for-each-ref --format=%(refname)%00%(upstream:short)%00%(objectname)%00%(upstream:track)%00%(upstream:remotename)%00%(upstream:remoteref) refs/heads/main refs/remotes/main [2ms]
2024-02-04 09:16:12.585 [info] > git status -z -uall [21ms]
2024-02-04 09:16:16.765 [info] > git fetch [383ms]
2024-02-04 09:16:16.786 [info] > git config --get commit.template [10ms]
2024-02-04 09:16:16.787 [info] > git for-each-ref --format=%(refname)%00%(upstream:short)%00%(objectname)%00%(upstream:track)%00%(upstream:remotename)%00%(upstream:remoteref) refs/heads/main refs/remotes/main [2ms]
2024-02-04 09:16:16.814 [info] > git status -z -uall [18ms]
2024-02-04 09:16:17.957 [info] > git config --get commit.template [2ms]
2024-02-04 09:16:17.968 [info] > git for-each-ref --format=%(refname)%00%(upstream:short)%00%(objectname)%00%(upstream:track)%00%(upstream:remotename)%00%(upstream:remoteref) refs/heads/main refs/remotes/main [3ms]
2024-02-04 09:16:18.015 [info] > git status -z -uall [37ms]
2024-02-04 09:16:23.039 [info] > git config --get commit.template [2ms]
2024-02-04 09:16:23.051 [info] > git for-each-ref --format=%(refname)%00%(upstream:short)%00%(objectname)%00%(upstream:track)%00%(upstream:remotename)%00%(upstream:remoteref) refs/heads/main refs/remotes/main [2ms]
2024-02-04 09:16:23.084 [info] > git status -z -uall [23ms]
2024-02-04 09:16:33.281 [info] > git config --get commit.template [1ms]
2024-02-04 09:16:33.291 [info] > git for-each-ref --format=%(refname)%00%(upstream:short)%00%(objectname)%00%(upstream:track)%00%(upstream:remotename)%00%(upstream:remoteref) refs/heads/main refs/remotes/main [2ms]
2024-02-04 09:16:33.324 [info] > git status -z -uall [24ms]
2024-02-04 09:16:46.026 [info] > git config --get commit.template [8ms]
2024-02-04 09:16:46.027 [info] > git for-each-ref --format=%(refname)%00%(upstream:short)%00%(objectname)%00%(upstream:track)%00%(upstream:remotename)%00%(upstream:remoteref) refs/heads/main refs/remotes/main [2ms]
2024-02-04 09:16:46.050 [info] > git status -z -uall [17ms]
2024-02-04 09:16:51.067 [info] > git config --get commit.template [2ms]
2024-02-04 09:16:51.076 [info] > git for-each-ref --format=%(refname)%00%(upstream:short)%00%(objectname)%00%(upstream:track)%00%(upstream:remotename)%00%(upstream:remoteref) refs/heads/main refs/remotes/main [2ms]
2024-02-04 09:16:51.107 [info] > git status -z -uall [23ms]
2024-02-04 09:16:56.123 [info] > git config --get commit.template [1ms]
2024-02-04 09:16:56.131 [info] > git for-each-ref --format=%(refname)%00%(upstream:short)%00%(objectname)%00%(upstream:track)%00%(upstream:remotename)%00%(upstream:remoteref) refs/heads/main refs/remotes/main [2ms]
2024-02-04 09:16:56.154 [info] > git status -z -uall [16ms]
2024-02-04 09:17:02.882 [info] > git config --get commit.template [1ms]
2024-02-04 09:17:02.890 [info] > git for-each-ref --format=%(refname)%00%(upstream:short)%00%(objectname)%00%(upstream:track)%00%(upstream:remotename)%00%(upstream:remoteref) refs/heads/main refs/remotes/main [2ms]
2024-02-04 09:17:02.912 [info] > git status -z -uall [16ms]
2024-02-04 09:17:07.933 [info] > git config --get commit.template [7ms]
2024-02-04 09:17:07.934 [info] > git for-each-ref --format=%(refname)%00%(upstream:short)%00%(objectname)%00%(upstream:track)%00%(upstream:remotename)%00%(upstream:remoteref) refs/heads/main refs/remotes/main [2ms]
2024-02-04 09:17:07.957 [info] > git status -z -uall [17ms]
2024-02-04 09:17:52.842 [info] > git config --get commit.template [2ms]
2024-02-04 09:17:52.854 [info] > git for-each-ref --format=%(refname)%00%(upstream:short)%00%(objectname)%00%(upstream:track)%00%(upstream:remotename)%00%(upstream:remoteref) refs/heads/main refs/remotes/main [2ms]
2024-02-04 09:17:52.882 [info] > git status -z -uall [18ms]
2024-02-04 09:17:57.900 [info] > git config --get commit.template [2ms]
2024-02-04 09:17:57.909 [info] > git for-each-ref --format=%(refname)%00%(upstream:short)%00%(objectname)%00%(upstream:track)%00%(upstream:remotename)%00%(upstream:remoteref) refs/heads/main refs/remotes/main [2ms]
2024-02-04 09:17:57.944 [info] > git status -z -uall [26ms]
2024-02-04 09:18:02.965 [info] > git config --get commit.template [1ms]
2024-02-04 09:18:02.973 [info] > git for-each-ref --format=%(refname)%00%(upstream:short)%00%(objectname)%00%(upstream:track)%00%(upstream:remotename)%00%(upstream:remoteref) refs/heads/main refs/remotes/main [1ms]
2024-02-04 09:18:02.995 [info] > git status -z -uall [16ms]
2024-02-04 09:18:10.863 [info] Protokolliergrad: Info
2024-02-04 09:18:10.863 [info] Gefundenes Git wird 端berpr端ft in: "git"
2024-02-04 09:18:10.863 [info] Git "2.39.2" von "git" verwenden
2024-02-04 09:18:10.863 [info] > git rev-parse --show-toplevel [13ms]
2024-02-04 09:18:10.873 [info] > git rev-parse --git-dir --git-common-dir [3ms]
2024-02-04 09:18:10.923 [info] Open repository: /home/georg/ansible-wp
2024-02-04 09:18:10.978 [info] > git rev-parse --show-toplevel [21ms]
2024-02-04 09:18:10.997 [info] > git config --get commit.template [36ms]
2024-02-04 09:18:11.038 [info] > git rev-parse --show-toplevel [19ms]
2024-02-04 09:18:11.055 [info] > git for-each-ref --format=%(refname)%00%(upstream:short)%00%(objectname)%00%(upstream:track)%00%(upstream:remotename)%00%(upstream:remoteref) refs/heads/main refs/remotes/main [21ms]
2024-02-04 09:18:11.065 [info] > git rev-parse --show-toplevel [12ms]
2024-02-04 09:18:11.124 [info] > git status -z -uall [33ms]
2024-02-04 09:18:11.456 [info] > git config --get commit.template [29ms]
2024-02-04 09:18:11.514 [info] > git check-ignore -v -z --stdin [5ms]
2024-02-04 09:18:11.519 [info] > git fetch [598ms]
2024-02-04 09:18:11.557 [info] > git for-each-ref --format=%(refname)%00%(upstream:short)%00%(objectname)%00%(upstream:track)%00%(upstream:remotename)%00%(upstream:remoteref) refs/heads/main refs/remotes/main [86ms]
2024-02-04 09:18:11.719 [info] > git config --get commit.template [163ms]
2024-02-04 09:18:11.747 [info] > git for-each-ref --format=%(refname)%00%(upstream:short)%00%(objectname)%00%(upstream:track)%00%(upstream:remotename)%00%(upstream:remoteref) refs/heads/main refs/remotes/main [32ms]
2024-02-04 09:18:11.799 [info] > git status -z -uall [27ms]
2024-02-04 09:18:15.999 [info] > git config --get commit.template [2ms]
2024-02-04 09:18:16.012 [info] > git for-each-ref --format=%(refname)%00%(upstream:short)%00%(objectname)%00%(upstream:track)%00%(upstream:remotename)%00%(upstream:remoteref) refs/heads/main refs/remotes/main [5ms]
2024-02-04 09:18:16.044 [info] > git status -z -uall [21ms]
2024-02-04 09:18:21.068 [info] > git config --get commit.template [2ms]
2024-02-04 09:18:21.074 [info] > git for-each-ref --format=%(refname)%00%(upstream:short)%00%(objectname)%00%(upstream:track)%00%(upstream:remotename)%00%(upstream:remoteref) refs/heads/main refs/remotes/main [1ms]
2024-02-04 09:18:21.096 [info] > git status -z -uall [17ms]
2024-02-04 09:18:26.109 [info] > git config --get commit.template [2ms]
2024-02-04 09:18:26.115 [info] > git for-each-ref --format=%(refname)%00%(upstream:short)%00%(objectname)%00%(upstream:track)%00%(upstream:remotename)%00%(upstream:remoteref) refs/heads/main refs/remotes/main [2ms]
2024-02-04 09:18:26.137 [info] > git status -z -uall [17ms]
2024-02-04 09:18:31.159 [info] > git config --get commit.template [1ms]
2024-02-04 09:18:31.165 [info] > git for-each-ref --format=%(refname)%00%(upstream:short)%00%(objectname)%00%(upstream:track)%00%(upstream:remotename)%00%(upstream:remoteref) refs/heads/main refs/remotes/main [2ms]
2024-02-04 09:18:31.186 [info] > git status -z -uall [17ms]
2024-02-04 09:18:36.827 [info] > git check-ignore -v -z --stdin [24ms]
2024-02-04 09:18:37.252 [info] > git show --textconv :ansible/demo01/docker_pmnginx.yaml [26ms]
2024-02-04 09:18:37.253 [info] > git ls-files --stage -- /home/georg/ansible-wp/ansible/demo01/docker_pmnginx.yaml [14ms]
2024-02-04 09:18:37.274 [info] > git cat-file -s 1a352d583d34fadeca67db38e0a60700f29df749 [10ms]
2024-02-04 09:18:42.092 [info] > git config --get commit.template [2ms]
2024-02-04 09:18:42.117 [info] > git for-each-ref --format=%(refname)%00%(upstream:short)%00%(objectname)%00%(upstream:track)%00%(upstream:remotename)%00%(upstream:remoteref) refs/heads/main refs/remotes/main [11ms]
2024-02-04 09:18:42.158 [info] > git status -z -uall [27ms]
2024-02-04 09:18:49.597 [info] > git config --get commit.template [2ms]
2024-02-04 09:18:49.612 [info] > git for-each-ref --format=%(refname)%00%(upstream:short)%00%(objectname)%00%(upstream:track)%00%(upstream:remotename)%00%(upstream:remoteref) refs/heads/main refs/remotes/main [4ms]
2024-02-04 09:18:49.646 [info] > git status -z -uall [23ms]
2024-02-04 09:19:00.328 [info] > git config --get commit.template [1ms]
2024-02-04 09:19:00.337 [info] > git for-each-ref --format=%(refname)%00%(upstream:short)%00%(objectname)%00%(upstream:track)%00%(upstream:remotename)%00%(upstream:remoteref) refs/heads/main refs/remotes/main [1ms]
2024-02-04 09:19:00.360 [info] > git status -z -uall [16ms]
2024-02-04 09:19:08.779 [info] > git config --get commit.template [3ms]
2024-02-04 09:19:08.792 [info] > git for-each-ref --format=%(refname)%00%(upstream:short)%00%(objectname)%00%(upstream:track)%00%(upstream:remotename)%00%(upstream:remoteref) refs/heads/main refs/remotes/main [3ms]
2024-02-04 09:19:08.828 [info] > git status -z -uall [24ms]
2024-02-04 09:19:20.130 [info] > git config --get commit.template [2ms]
2024-02-04 09:19:20.142 [info] > git for-each-ref --format=%(refname)%00%(upstream:short)%00%(objectname)%00%(upstream:track)%00%(upstream:remotename)%00%(upstream:remoteref) refs/heads/main refs/remotes/main [2ms]
2024-02-04 09:19:20.174 [info] > git status -z -uall [20ms]
2024-02-04 09:19:22.095 [info] > git merge-base refs/heads/main refs/remotes/origin/main [3ms]
2024-02-04 09:19:22.114 [info] > git rev-list --count --left-right refs/heads/main...refs/remotes/origin/main [7ms]
2024-02-04 09:19:22.541 [info] > git check-ignore -v -z --stdin [6ms]
2024-02-04 09:19:25.194 [info] > git config --get commit.template [3ms]
2024-02-04 09:19:25.205 [info] > git for-each-ref --format=%(refname)%00%(upstream:short)%00%(objectname)%00%(upstream:track)%00%(upstream:remotename)%00%(upstream:remoteref) refs/heads/main refs/remotes/main [1ms]
2024-02-04 09:19:25.242 [info] > git status -z -uall [25ms]
