2024-02-04 09:36:54.286 [info] Protokolliergrad: Info
2024-02-04 09:36:54.286 [info] Gefundenes Git wird überprüft in: "git"
2024-02-04 09:36:54.286 [info] Git "2.39.2" von "git" verwenden
2024-02-04 09:36:54.286 [info] > git rev-parse --show-toplevel [18ms]
2024-02-04 09:36:54.291 [info] > git rev-parse --git-dir --git-common-dir [14ms]
2024-02-04 09:36:54.328 [info] Open repository: /home/georg/ansible-wp
2024-02-04 09:36:54.378 [info] > git config --get commit.template [20ms]
2024-02-04 09:36:54.399 [info] > git rev-parse --show-toplevel [31ms]
2024-02-04 09:36:54.444 [info] > git rev-parse --show-toplevel [21ms]
2024-02-04 09:36:54.509 [info] > git for-each-ref --format=%(refname)%00%(upstream:short)%00%(objectname)%00%(upstream:track)%00%(upstream:remotename)%00%(upstream:remoteref) refs/heads/main refs/remotes/main [117ms]
2024-02-04 09:36:54.515 [info] > git show --textconv HEAD:ansible/demo01/docker_nextcloud.yaml [33ms]
2024-02-04 09:36:54.659 [info] > git ls-tree -l HEAD -- /home/georg/ansible-wp/ansible/demo01/docker_nextcloud.yaml [150ms]
2024-02-04 09:36:54.837 [info] > git status -z -uall [121ms]
2024-02-04 09:36:55.106 [info] > git ls-tree -l HEAD -- /home/georg/ansible-wp/ansible/demo01/docker_nextcloud.yaml [176ms]
2024-02-04 09:36:55.328 [info] > git check-ignore -v -z --stdin [36ms]
2024-02-04 09:36:55.342 [info] > git config --get commit.template [25ms]
2024-02-04 09:36:55.392 [info] > git for-each-ref --format=%(refname)%00%(upstream:short)%00%(objectname)%00%(upstream:track)%00%(upstream:remotename)%00%(upstream:remoteref) refs/heads/main refs/remotes/main [9ms]
2024-02-04 09:36:55.542 [info] > git status -z -uall [90ms]
2024-02-04 09:36:58.005 [info] > git config --get commit.template [1ms]
2024-02-04 09:36:58.015 [info] > git for-each-ref --format=%(refname)%00%(upstream:short)%00%(objectname)%00%(upstream:track)%00%(upstream:remotename)%00%(upstream:remoteref) refs/heads/main refs/remotes/main [2ms]
2024-02-04 09:36:58.050 [info] > git status -z -uall [26ms]
2024-02-04 09:37:03.133 [info] > git config --get commit.template [3ms]
2024-02-04 09:37:03.144 [info] > git for-each-ref --format=%(refname)%00%(upstream:short)%00%(objectname)%00%(upstream:track)%00%(upstream:remotename)%00%(upstream:remoteref) refs/heads/main refs/remotes/main [3ms]
2024-02-04 09:37:03.186 [info] > git status -z -uall [33ms]
2024-02-04 09:37:03.240 [info] > git ls-tree -l HEAD -- /home/georg/ansible-wp/ansible/demo01/docker_nextcloud.yaml [5ms]
2024-02-04 09:37:03.253 [info] > git show --textconv HEAD:ansible/demo01/docker_nextcloud.yaml [2ms]
2024-02-04 09:37:05.200 [info] > git ls-tree -l HEAD -- /home/georg/ansible-wp/ansible/demo01/docker_nextcloud.yaml [8ms]
2024-02-04 09:37:05.212 [info] > git show --textconv HEAD:ansible/demo01/docker_nextcloud.yaml [1ms]
2024-02-04 09:37:08.202 [info] > git config --get commit.template [1ms]
2024-02-04 09:37:08.210 [info] > git for-each-ref --format=%(refname)%00%(upstream:short)%00%(objectname)%00%(upstream:track)%00%(upstream:remotename)%00%(upstream:remoteref) refs/heads/main refs/remotes/main [2ms]
2024-02-04 09:37:08.244 [info] > git status -z -uall [27ms]
2024-02-04 09:37:09.412 [info] > git merge-base refs/heads/main refs/remotes/origin/main [25ms]
2024-02-04 09:37:09.438 [info] > git rev-list --count --left-right refs/heads/main...refs/remotes/origin/main [14ms]
2024-02-04 09:37:09.653 [info] > git check-ignore -v -z --stdin [3ms]
2024-02-04 09:37:13.266 [info] > git config --get commit.template [4ms]
2024-02-04 09:37:13.284 [info] > git for-each-ref --format=%(refname)%00%(upstream:short)%00%(objectname)%00%(upstream:track)%00%(upstream:remotename)%00%(upstream:remoteref) refs/heads/main refs/remotes/main [3ms]
2024-02-04 09:37:13.352 [info] > git status -z -uall [56ms]
2024-02-04 09:37:18.373 [info] > git config --get commit.template [2ms]
2024-02-04 09:37:18.387 [info] > git for-each-ref --format=%(refname)%00%(upstream:short)%00%(objectname)%00%(upstream:track)%00%(upstream:remotename)%00%(upstream:remoteref) refs/heads/main refs/remotes/main [1ms]
2024-02-04 09:37:18.430 [info] > git status -z -uall [31ms]
2024-02-04 09:37:23.445 [info] > git config --get commit.template [2ms]
2024-02-04 09:37:23.452 [info] > git for-each-ref --format=%(refname)%00%(upstream:short)%00%(objectname)%00%(upstream:track)%00%(upstream:remotename)%00%(upstream:remoteref) refs/heads/main refs/remotes/main [2ms]
2024-02-04 09:37:23.489 [info] > git status -z -uall [28ms]
2024-02-04 09:37:40.262 [info] > git ls-tree -l HEAD -- /home/georg/ansible-wp/ansible/demo01/docker_nextcloud.yaml [19ms]
2024-02-04 09:37:40.267 [info] > git config --get commit.template [8ms]
2024-02-04 09:37:40.286 [info] > git for-each-ref --format=%(refname)%00%(upstream:short)%00%(objectname)%00%(upstream:track)%00%(upstream:remotename)%00%(upstream:remoteref) refs/heads/main refs/remotes/main [5ms]
2024-02-04 09:37:40.345 [info] > git ls-tree -l HEAD -- /home/georg/ansible-wp/ansible/demo01/docker_nextcloud.yaml [23ms]
2024-02-04 09:37:40.414 [info] > git status -z -uall [74ms]
