2024-02-03 14:26:24.297 [info] Experiment 'pythonRecommendTensorboardExt' is active
2024-02-03 14:26:24.297 [info] Experiment 'pythonREPLSmartSend' is active
2024-02-03 14:26:24.298 [info] Experiment 'pythonTerminalEnvVarActivation' is active
2024-02-03 14:26:24.298 [info] Experiment 'pythonTestAdapter' is active
2024-02-03 14:26:24.414 [info] Default formatter is set to null for workspace /home/georg/ansible-wp/ansible/demo01
2024-02-03 14:26:24.467 [info] Test server listening.
2024-02-03 14:26:24.487 [info] > conda info --json
2024-02-03 14:26:24.817 [info] Found: /bin/python --> /bin/python3.11
2024-02-03 14:26:24.825 [info] Found: /bin/python3 --> /bin/python3.11
2024-02-03 14:26:24.826 [info] Found: /bin/python3.11 --> /bin/python3.11
2024-02-03 14:26:24.860 [info] Found: /usr/bin/python --> /usr/bin/python3.11
2024-02-03 14:26:24.861 [info] Found: /usr/bin/python3 --> /usr/bin/python3.11
2024-02-03 14:26:24.862 [info] Found: /usr/bin/python3.11 --> /usr/bin/python3.11
2024-02-03 14:26:24.929 [info] > /bin/python -I ~/.vscode/extensions/ms-python.python-2024.0.0/pythonFiles/get_output_via_markers.py ~/.vscode/extensions/ms-python.python-2024.0.0/pythonFiles/interpreterInfo.py
2024-02-03 14:26:25.077 [warning] Retry failed, storage update failed for key PYTHON_GLOBAL_STORAGE_KEYS
2024-02-03 14:26:25.078 [warning] Retry failed, storage update failed for key PYTHON_GLOBAL_STORAGE_KEYS
2024-02-03 14:26:25.078 [warning] Retry failed, storage update failed for key PYTHON_GLOBAL_STORAGE_KEYS
2024-02-03 14:26:25.078 [warning] Retry failed, storage update failed for key PYTHON_GLOBAL_STORAGE_KEYS
2024-02-03 14:26:25.078 [warning] Retry failed, storage update failed for key PYTHON_WORKSPACE_STORAGE_KEYS
2024-02-03 14:26:25.079 [warning] Retry failed, storage update failed for key PYTHON_WORKSPACE_STORAGE_KEYS
2024-02-03 14:26:25.079 [warning] Retry failed, storage update failed for key PYTHON_WORKSPACE_STORAGE_KEYS
2024-02-03 14:26:25.141 [info] > /usr/bin/python -I ~/.vscode/extensions/ms-python.python-2024.0.0/pythonFiles/get_output_via_markers.py ~/.vscode/extensions/ms-python.python-2024.0.0/pythonFiles/interpreterInfo.py
2024-02-03 14:26:25.314 [info] Python interpreter path: /bin/python
2024-02-03 14:26:25.331 [info] Send text to terminal: echo /usr/bin/bash
2024-02-03 14:26:26.209 [warning] Retry failed, storage update failed for key PYTHON_GLOBAL_STORAGE_KEYS
2024-02-03 14:26:27.778 [info] Starting Pylance language server.
2024-02-03 14:26:28.331 [info] Shell integration is not working for bash
2024-02-03 14:26:28.332 [warning] Shell integration is not active, environment activated maybe overriden by the shell.
2024-02-03 14:26:29.205 [info] Discover tests for workspace name: undefined - uri: /home/georg/ansible-wp/~/.vscode-root/User/settings.json
2024-02-03 14:27:23.336 [info] Discover tests for workspace name: undefined - uri: /home/georg/ansible-wp/~/.vscode-root/User/settings.json
