2024-02-03 14:23:55.202 [info] Extension host with pid 84520 started
2024-02-03 14:23:55.552 [info] ExtensionService#_doActivateExtension vscode.git-base, startup: true, activationEvent: '*', root cause: vscode.git
2024-02-03 14:23:56.142 [info] ExtensionService#_doActivateExtension vscode.git, startup: true, activationEvent: '*'
2024-02-03 14:23:56.570 [info] ExtensionService#_doActivateExtension vscode.github, startup: true, activationEvent: '*'
2024-02-03 14:23:57.184 [info] Eager extensions activated
2024-02-03 14:23:57.273 [info] ExtensionService#_doActivateExtension vscode.debug-auto-launch, startup: false, activationEvent: 'onStartupFinished'
2024-02-03 14:23:57.279 [info] ExtensionService#_doActivateExtension vscode.merge-conflict, startup: false, activationEvent: 'onStartupFinished'
2024-02-03 14:23:57.326 [info] ExtensionService#_doActivateExtension ms-vscode-remote.remote-containers, startup: false, activationEvent: 'onStartupFinished'
2024-02-03 14:26:02.045 [info] Extension host terminating: renderer closed the MessagePort
2024-02-03 14:26:02.071 [info] Extension host with pid 84520 exiting with code 0
2024-02-03 14:26:03.916 [info] Extension host with pid 85043 started
2024-02-03 14:26:03.916 [info] Skipping acquiring lock for /home/georg/ansible-wp/~/.vscode-root/User/workspaceStorage/72e7b8d3bbb14dd76afe20e3a799c7da.
2024-02-03 14:26:03.980 [info] ExtensionService#_doActivateExtension vscode.git-base, startup: true, activationEvent: '*'
2024-02-03 14:26:04.019 [info] ExtensionService#_doActivateExtension vscode.github, startup: true, activationEvent: '*'
2024-02-03 14:26:04.083 [info] Eager extensions activated
2024-02-03 14:26:04.124 [info] ExtensionService#_doActivateExtension vscode.debug-auto-launch, startup: false, activationEvent: 'onStartupFinished'
2024-02-03 14:26:04.128 [info] ExtensionService#_doActivateExtension vscode.merge-conflict, startup: false, activationEvent: 'onStartupFinished'
2024-02-03 14:26:04.146 [info] ExtensionService#_doActivateExtension ms-vscode-remote.remote-containers, startup: false, activationEvent: 'onStartupFinished'
2024-02-03 14:26:09.086 [info] ExtensionService#_doActivateExtension vscode.git, startup: false, activationEvent: 'api', root cause: vscode.github
2024-02-03 14:26:09.221 [info] ExtensionService#_doActivateExtension p1c2u.docker-compose, startup: false, activationEvent: 'workspaceContains:**/docker-compose.yml,**/docker-compose.yaml'
2024-02-03 14:26:14.999 [info] ExtensionService#_doActivateExtension vscode.github-authentication, startup: false, activationEvent: 'onAuthenticationRequest:github'
2024-02-03 14:26:23.469 [info] ExtensionService#_doActivateExtension ms-python.python, startup: false, activationEvent: 'onView:ansible-creator', root cause: redhat.ansible
2024-02-03 14:26:23.946 [info] ExtensionService#_doActivateExtension redhat.vscode-yaml, startup: false, activationEvent: 'onView:ansible-creator', root cause: redhat.ansible
2024-02-03 14:26:24.512 [info] ExtensionService#_doActivateExtension redhat.ansible, startup: false, activationEvent: 'onView:ansible-creator'
2024-02-03 14:26:25.231 [warning] [redhat.vscode-yaml] Accessing a resource scoped configuration without providing a resource is not expected. To get the effective value for '[yaml]', provide the URI of a resource or 'null' for any resource.
2024-02-03 14:26:25.245 [warning] [redhat.vscode-yaml] Accessing a resource scoped configuration without providing a resource is not expected. To get the effective value for '[yaml]', provide the URI of a resource or 'null' for any resource.
2024-02-03 14:26:25.365 [info] ExtensionService#_doActivateExtension ms-python.vscode-pylance, startup: false, activationEvent: 'api', root cause: ms-python.python
2024-02-03 14:26:28.520 [info] ExtensionService#_doActivateExtension vscode.json-language-features, startup: false, activationEvent: 'onLanguage:jsonc'
2024-02-03 14:26:28.725 [info] ExtensionService#_doActivateExtension vscode.typescript-language-features, startup: false, activationEvent: 'onLanguage:jsonc'
2024-02-03 14:26:28.911 [info] ExtensionService#_doActivateExtension vscode.emmet, startup: false, activationEvent: 'onLanguage'
2024-02-03 14:26:29.056 [warning] [redhat.vscode-yaml] Accessing a resource scoped configuration without providing a resource is not expected. To get the effective value for '[yaml]', provide the URI of a resource or 'null' for any resource.
2024-02-03 14:26:30.083 [warning] [Decorations] CAPPING events from decorations provider vscode.git 426
2024-02-03 14:26:31.765 [warning] [redhat.vscode-yaml] Accessing a resource scoped configuration without providing a resource is not expected. To get the effective value for '[yaml]', provide the URI of a resource or 'null' for any resource.
2024-02-03 14:26:32.290 [error] Timed out waiting for authentication provider to register
2024-02-03 14:26:39.925 [warning] [Decorations] CAPPING events from decorations provider vscode.git 454
2024-02-03 14:26:50.646 [warning] [Decorations] CAPPING events from decorations provider vscode.git 457
2024-02-03 14:26:56.744 [warning] [Decorations] CAPPING events from decorations provider vscode.git 457
2024-02-03 14:27:01.804 [warning] [Decorations] CAPPING events from decorations provider vscode.git 457
2024-02-03 14:27:06.867 [warning] [Decorations] CAPPING events from decorations provider vscode.git 457
2024-02-03 14:27:12.841 [warning] [Decorations] CAPPING events from decorations provider vscode.git 457
2024-02-03 14:27:23.252 [warning] [redhat.vscode-yaml] Accessing a resource scoped configuration without providing a resource is not expected. To get the effective value for '[yaml]', provide the URI of a resource or 'null' for any resource.
