2024-02-04 09:07:15.037 [info] (Client) Pylance async client (2023.12.1) started with python extension (2024.0.0)
2024-02-04 09:07:16.658 [info] [Info  - 09:07:16] (142863) Pylance language server 2023.12.1 (pyright a78e2b10) starting
2024-02-04 09:07:16.673 [info] [Info  - 09:07:16] (142863) Server root directory: /home/georg/.vscode/extensions/ms-python.vscode-pylance-2023.12.1/dist
2024-02-04 09:07:16.675 [info] [Info  - 09:07:16] (142863) Starting service instance "ansible-wp"
2024-02-04 09:07:16.855 [info] [Info  - 09:07:16] (142863) Setting pythonPath for service "ansible-wp": "/bin/python"
2024-02-04 09:07:16.870 [info] [Info  - 09:07:16] (142863) Setting environmentName for service "ansible-wp": "3.11.2 (global)"
2024-02-04 09:07:17.000 [info] [Info  - 09:07:17] (142863) Assuming Python version 3.11
2024-02-04 09:07:17.456 [info] [Info  - 09:07:17] (142863) No source files found.
2024-02-04 09:18:39.322 [info] (Client) Pylance async client (2023.12.1) started with python extension (2024.0.0)
2024-02-04 09:18:40.267 [info] [Info  - 09:18:40] (149116) Pylance language server 2023.12.1 (pyright a78e2b10) starting
2024-02-04 09:18:40.269 [info] [Info  - 09:18:40] (149116) Server root directory: /home/georg/.vscode/extensions/ms-python.vscode-pylance-2023.12.1/dist
2024-02-04 09:18:40.288 [info] [Info  - 09:18:40] (149116) Starting service instance "ansible-wp"
2024-02-04 09:18:40.420 [info] [Info  - 09:18:40] (149116) Setting pythonPath for service "ansible-wp": "/bin/python"
2024-02-04 09:18:40.420 [info] [Info  - 09:18:40] (149116) Setting environmentName for service "ansible-wp": "3.11.2 (global)"
2024-02-04 09:18:40.525 [info] [Info  - 09:18:40] (149116) Assuming Python version 3.11
2024-02-04 09:18:40.897 [info] [Info  - 09:18:40] (149116) No source files found.
2024-02-04 09:19:21.934 [info] [Info  - 09:19:21] (149116) Setting pythonPath for service "ansible-wp": "/bin/python"
2024-02-04 09:19:21.935 [info] [Info  - 09:19:21] (149116) Setting environmentName for service "ansible-wp": "3.11.2 (global)"
2024-02-04 09:19:21.983 [info] [Info  - 09:19:21] (149116) Assuming Python version 3.11
2024-02-04 09:19:22.159 [info] [Info  - 09:19:22] (149116) No source files found.
