2024-02-03 17:49:16.070 [info] Reading sessions from keychain...
2024-02-03 17:49:16.070 [info] Getting sessions for all scopes...
2024-02-03 17:49:16.070 [info] Got 0 sessions for ...
2024-02-03 17:49:16.071 [info] Getting sessions for all scopes...
2024-02-03 17:49:16.071 [info] Got 0 sessions for ...
2024-02-03 17:49:16.071 [info] Getting sessions for read:user,repo,user:email,workflow...
2024-02-03 17:49:16.071 [info] Got 0 sessions for read:user,repo,user:email,workflow...
2024-02-04 09:04:06.111 [info] Getting sessions for read:user,repo,user:email,workflow...
2024-02-04 09:04:06.111 [info] Got 0 sessions for read:user,repo,user:email,workflow...
2024-02-04 09:04:09.457 [info] Logging in for the following scopes: read:user repo user:email workflow
2024-02-04 09:04:09.502 [info] Trying without local server... (read:user repo user:email workflow)
2024-02-04 09:05:10.213 [error] User Cancelled
2024-02-04 09:05:13.499 [info] Trying with local server... (read:user repo user:email workflow)
2024-02-04 09:05:15.163 [info] Exchanging code for token...
2024-02-04 09:05:15.417 [info] Token exchange success!
2024-02-04 09:05:15.425 [info] Getting user info...
2024-02-04 09:05:15.760 [info] Got account info!
2024-02-04 09:05:15.762 [info] Storing 1 sessions...
2024-02-04 09:05:15.892 [info] Reading sessions from keychain...
2024-02-04 09:05:15.900 [info] Stored 1 sessions!
2024-02-04 09:05:15.900 [info] Login success!
2024-02-04 09:05:16.284 [info] Got stored sessions!
2024-02-04 09:05:16.284 [info] Got 1 verified sessions.
2024-02-04 09:05:16.636 [info] Getting sessions for read:user,repo,user:email,workflow...
2024-02-04 09:05:16.645 [info] Got 1 sessions for read:user,repo,user:email,workflow...
