2024-02-03 17:46:34.920 [info] Added views:workbench.panel.markers.view in workbench.panel.markers
2024-02-03 17:46:34.921 [info] Added views:workbench.panel.output in workbench.panel.output
2024-02-03 17:46:34.921 [info] Added views:terminal in terminal
2024-02-03 17:46:34.921 [info] Added views:outline in workbench.view.explorer
2024-02-03 17:46:34.921 [info] Added views:workbench.scm in workbench.view.scm
2024-02-03 17:46:34.921 [info] Added views:workbench.view.search in workbench.view.search
2024-02-03 17:46:34.921 [info] Added views:timeline in workbench.view.explorer
2024-02-03 17:46:34.921 [info] Added views:workbench.explorer.emptyView in workbench.view.explorer
2024-02-03 17:46:36.625 [info] Added views:workbench.debug.variablesView,workbench.debug.watchExpressionsView,workbench.debug.callStackView,workbench.debug.breakPointsView in workbench.view.debug
2024-02-03 17:46:37.942 [info] Added views:dockerExplorerContainers,dockerExplorerImages,azureRegistries,DockerHubTreeView,suggestedDockerImages in workbench.view.explorer
2024-02-03 17:46:37.946 [info] Added views:dockerContainers,dockerImages,dockerRegistries,dockerNetworks,dockerVolumes,vscode-docker.views.dockerContexts,vscode-docker.views.help in workbench.view.extension.dockerView
2024-02-03 17:46:37.953 [info] Added views:targetsContainers,devVolumes in workbench.view.remote
2024-02-03 17:46:37.959 [info] Added views:dockerComposeProjects,dockerComposeServices in workbench.view.extension.dockerComposeView
2024-02-03 17:46:37.963 [info] Added views:ansible-creator,lightspeed-explorer-treeview,lightspeed-feedback-webview in workbench.view.extension.ansible-explorer
2024-02-03 17:46:38.011 [info] Added views:~remote.forwardedPorts in ~remote.forwardedPortsContainer
2024-02-03 17:46:38.544 [info] Added views:workbench.panel.repl.view in workbench.panel.repl
2024-02-03 17:46:38.551 [info] Removed views:workbench.debug.breakPointsView,workbench.debug.callStackView,workbench.debug.watchExpressionsView,workbench.debug.variablesView from workbench.view.debug
2024-02-03 17:46:38.554 [info] Added views:workbench.debug.welcome in workbench.view.debug
2024-02-03 17:49:09.885 [info] Added views:workbench.panel.markers.view in workbench.panel.markers
2024-02-03 17:49:09.886 [info] Added views:workbench.panel.output in workbench.panel.output
2024-02-03 17:49:09.886 [info] Added views:terminal in terminal
2024-02-03 17:49:09.886 [info] Added views:outline in workbench.view.explorer
2024-02-03 17:49:09.886 [info] Added views:workbench.scm in workbench.view.scm
2024-02-03 17:49:09.886 [info] Added views:workbench.view.search in workbench.view.search
2024-02-03 17:49:09.886 [info] Added views:timeline in workbench.view.explorer
2024-02-03 17:49:09.886 [info] Added views:workbench.explorer.fileView in workbench.view.explorer
2024-02-03 17:49:10.494 [info] Added views:dockerContainers,dockerImages,dockerRegistries,dockerNetworks,dockerVolumes,vscode-docker.views.dockerContexts,vscode-docker.views.help in workbench.view.extension.dockerView
2024-02-03 17:49:10.495 [info] Added views:targetsContainers,devVolumes in workbench.view.remote
2024-02-03 17:49:11.119 [info] Added views:workbench.debug.variablesView,workbench.debug.watchExpressionsView,workbench.debug.callStackView,workbench.debug.breakPointsView in workbench.view.debug
2024-02-03 17:49:11.209 [info] Added views:workbench.panel.repl.view in workbench.panel.repl
2024-02-03 17:49:11.216 [info] Removed views:workbench.debug.breakPointsView,workbench.debug.callStackView,workbench.debug.watchExpressionsView,workbench.debug.variablesView from workbench.view.debug
2024-02-03 17:49:11.232 [info] Added views:workbench.debug.welcome in workbench.view.debug
2024-02-03 17:49:11.769 [info] Added views:~remote.forwardedPorts in ~remote.forwardedPortsContainer
2024-02-03 17:49:14.979 [info] Added views:dockerExplorerContainers,dockerExplorerImages,azureRegistries,DockerHubTreeView,suggestedDockerImages in workbench.view.explorer
2024-02-03 17:49:14.983 [info] Added views:dockerComposeProjects,dockerComposeServices in workbench.view.extension.dockerComposeView
2024-02-03 17:49:14.988 [info] Added views:ansible-creator,lightspeed-explorer-treeview,lightspeed-feedback-webview in workbench.view.extension.ansible-explorer
2024-02-03 17:49:29.916 [info] Added views:workbench.view.testing in workbench.view.extension.test
