2024-02-03 14:23:57.211 [info] Log level: Info
2024-02-03 14:23:57.211 [info] Validating found git in: "git"
2024-02-03 14:23:57.211 [info] Using git "2.39.2" from "git"
2024-02-03 14:26:09.219 [info] Log level: Info
2024-02-03 14:26:09.219 [info] Validating found git in: "git"
2024-02-03 14:26:09.219 [info] Using git "2.39.2" from "git"
2024-02-03 14:26:09.219 [info] > git rev-parse --show-toplevel [14ms]
2024-02-03 14:26:09.454 [info] > git rev-parse --show-toplevel [5ms]
2024-02-03 14:26:14.784 [info] > git rev-parse --show-toplevel [3ms]
2024-02-03 14:26:14.793 [info] > git rev-parse --git-dir --git-common-dir [1ms]
2024-02-03 14:26:14.819 [info] Open repository: /home/georg/ansible-wp
2024-02-03 14:26:14.838 [info] > git config --get commit.template [8ms]
2024-02-03 14:26:14.893 [info] > git for-each-ref --format=%(refname)%00%(upstream:short)%00%(objectname)%00%(upstream:track)%00%(upstream:remotename)%00%(upstream:remoteref) refs/heads/main refs/remotes/main [25ms]
2024-02-03 14:26:14.915 [info] > git status -z -uall [10ms]
2024-02-03 14:26:14.947 [info] > git config --get commit.template [5ms]
2024-02-03 14:26:14.958 [info] > git for-each-ref --format=%(refname)%00%(upstream:short)%00%(objectname)%00%(upstream:track)%00%(upstream:remotename)%00%(upstream:remoteref) refs/heads/main refs/remotes/main [2ms]
2024-02-03 14:26:14.973 [info] > git status -z -uall [7ms]
2024-02-03 14:26:15.405 [info] > git check-ignore -v -z --stdin [2ms]
2024-02-03 14:26:30.050 [info] > git config --get commit.template [1ms]
2024-02-03 14:26:30.059 [info] > git for-each-ref --format=%(refname)%00%(upstream:short)%00%(objectname)%00%(upstream:track)%00%(upstream:remotename)%00%(upstream:remoteref) refs/heads/main refs/remotes/main [2ms]
2024-02-03 14:26:30.070 [info] > git status -z -uall [4ms]
2024-02-03 14:26:32.109 [info] > git merge-base refs/heads/main refs/remotes/origin/main [6ms]
2024-02-03 14:26:32.134 [info] > git rev-list --count --left-right refs/heads/main...refs/remotes/origin/main [11ms]
2024-02-03 14:26:32.575 [info] > git check-ignore -v -z --stdin [3ms]
2024-02-03 14:26:39.798 [info] > git config --get commit.template [33ms]
2024-02-03 14:26:39.805 [info] > git for-each-ref --format=%(refname)%00%(upstream:short)%00%(objectname)%00%(upstream:track)%00%(upstream:remotename)%00%(upstream:remoteref) refs/heads/main refs/remotes/main [7ms]
2024-02-03 14:26:39.867 [info] > git status -z -uall [27ms]
2024-02-03 14:26:41.320 [info] > git check-ignore -v -z --stdin [15ms]
2024-02-03 14:26:43.224 [info] > git show --textconv HEAD:ansible/demo01/docker_nextcloud.yaml [40ms]
2024-02-03 14:26:43.227 [info] > git ls-tree -l HEAD -- /home/georg/ansible-wp/ansible/demo01/docker_nextcloud.yaml [5ms]
2024-02-03 14:26:50.527 [info] > git config --get commit.template [4ms]
2024-02-03 14:26:50.552 [info] > git for-each-ref --format=%(refname)%00%(upstream:short)%00%(objectname)%00%(upstream:track)%00%(upstream:remotename)%00%(upstream:remoteref) refs/heads/main refs/remotes/main [9ms]
2024-02-03 14:26:50.620 [info] > git status -z -uall [12ms]
2024-02-03 14:26:51.799 [info] > git check-ignore -v -z --stdin [6ms]
2024-02-03 14:26:56.672 [info] > git config --get commit.template [16ms]
2024-02-03 14:26:56.697 [info] > git ls-tree -l HEAD -- /home/georg/ansible-wp/ansible/demo01/docker_nextcloud.yaml [27ms]
2024-02-03 14:26:56.711 [info] > git for-each-ref --format=%(refname)%00%(upstream:short)%00%(objectname)%00%(upstream:track)%00%(upstream:remotename)%00%(upstream:remoteref) refs/heads/main refs/remotes/main [16ms]
2024-02-03 14:26:56.733 [info] > git status -z -uall [11ms]
2024-02-03 14:27:01.758 [info] > git config --get commit.template [2ms]
2024-02-03 14:27:01.772 [info] > git for-each-ref --format=%(refname)%00%(upstream:short)%00%(objectname)%00%(upstream:track)%00%(upstream:remotename)%00%(upstream:remoteref) refs/heads/main refs/remotes/main [2ms]
2024-02-03 14:27:01.790 [info] > git status -z -uall [7ms]
2024-02-03 14:27:06.837 [info] > git config --get commit.template [12ms]
2024-02-03 14:27:06.838 [info] > git for-each-ref --format=%(refname)%00%(upstream:short)%00%(objectname)%00%(upstream:track)%00%(upstream:remotename)%00%(upstream:remoteref) refs/heads/main refs/remotes/main [2ms]
2024-02-03 14:27:06.857 [info] > git status -z -uall [9ms]
2024-02-03 14:27:12.769 [info] > git ls-tree -l HEAD -- /home/georg/ansible-wp/ansible/demo01/docker_nextcloud.yaml [21ms]
2024-02-03 14:27:12.774 [info] > git config --get commit.template [6ms]
2024-02-03 14:27:12.789 [info] > git for-each-ref --format=%(refname)%00%(upstream:short)%00%(objectname)%00%(upstream:track)%00%(upstream:remotename)%00%(upstream:remoteref) refs/heads/main refs/remotes/main [3ms]
2024-02-03 14:27:12.830 [info] > git status -z -uall [10ms]
2024-02-03 14:27:22.515 [info] > git ls-tree -l HEAD -- /home/georg/ansible-wp/ansible/demo01/docker_nextcloud.yaml [5ms]
2024-02-03 14:27:24.998 [info] > git add -A -- . [2511ms]
2024-02-03 14:27:25.049 [info] > git -c user.useConfigOnly=true commit --quiet --allow-empty-message --file - [39ms]
2024-02-03 14:27:25.064 [info] > git config --get commit.template [4ms]
2024-02-03 14:27:25.106 [info] > git config --get commit.template [28ms]
2024-02-03 14:27:25.109 [info] > git for-each-ref --format=%(refname)%00%(upstream:short)%00%(objectname)%00%(upstream:track)%00%(upstream:remotename)%00%(upstream:remoteref) refs/heads/main refs/remotes/main [8ms]
2024-02-03 14:27:25.140 [info] > git status -z -uall [19ms]
2024-02-03 14:27:25.224 [info] > git config --get commit.template [19ms]
2024-02-03 14:27:25.227 [info] > git for-each-ref --format=%(refname)%00%(upstream:short)%00%(objectname)%00%(upstream:track)%00%(upstream:remotename)%00%(upstream:remoteref) refs/heads/main refs/remotes/main [5ms]
2024-02-03 14:27:25.271 [info] > git status -z -uall [17ms]
2024-02-03 14:27:25.430 [info] > git merge-base refs/heads/main refs/remotes/origin/main [12ms]
2024-02-03 14:27:25.483 [info] > git rev-list --count --left-right refs/heads/main...refs/remotes/origin/main [27ms]
2024-02-03 14:27:26.128 [info] > git check-ignore -v -z --stdin [2ms]
2024-02-03 14:27:29.710 [info] > git ls-tree -l HEAD -- /home/georg/ansible-wp/ansible/demo01/docker_nextcloud.yaml [2ms]
2024-02-03 14:27:29.751 [info] > git show --textconv HEAD:ansible/demo01/docker_nextcloud.yaml [10ms]
2024-02-03 14:27:29.751 [info] > git ls-tree -l HEAD -- /home/georg/ansible-wp/ansible/demo01/docker_nextcloud.yaml [27ms]
2024-02-03 14:27:29.840 [info] > git show --textconv HEAD:ansible/demo01/docker_nextcloud.yaml [5ms]
