2024-02-04 09:07:06.495 [info] Added views:workbench.panel.markers.view in workbench.panel.markers
2024-02-04 09:07:06.496 [info] Added views:workbench.panel.output in workbench.panel.output
2024-02-04 09:07:06.496 [info] Added views:terminal in terminal
2024-02-04 09:07:06.496 [info] Added views:outline in workbench.view.explorer
2024-02-04 09:07:06.496 [info] Added views:workbench.scm in workbench.view.scm
2024-02-04 09:07:06.496 [info] Added views:workbench.view.search in workbench.view.search
2024-02-04 09:07:06.496 [info] Added views:timeline in workbench.view.explorer
2024-02-04 09:07:06.496 [info] Added views:workbench.explorer.fileView in workbench.view.explorer
2024-02-04 09:07:07.351 [info] Added views:workbench.debug.welcome in workbench.view.debug
2024-02-04 09:07:09.564 [info] Added views:dockerExplorerContainers,dockerExplorerImages,azureRegistries,DockerHubTreeView,suggestedDockerImages in workbench.view.explorer
2024-02-04 09:07:09.565 [info] Added views:dockerContainers,dockerImages,dockerRegistries,dockerNetworks,dockerVolumes,vscode-docker.views.dockerContexts,vscode-docker.views.help in workbench.view.extension.dockerView
2024-02-04 09:07:09.566 [info] Added views:targetsContainers,devVolumes in workbench.view.remote
2024-02-04 09:07:09.567 [info] Added views:dockerComposeProjects,dockerComposeServices in workbench.view.extension.dockerComposeView
2024-02-04 09:07:09.569 [info] Added views:ansible-creator,lightspeed-explorer-treeview,lightspeed-feedback-webview in workbench.view.extension.ansible-explorer
2024-02-04 09:07:10.391 [info] Added views:workbench.panel.repl.view in workbench.panel.repl
2024-02-04 09:07:11.524 [info] Added views:workbench.view.testing in workbench.view.extension.test
2024-02-04 09:07:14.829 [info] Added views:~remote.forwardedPorts in ~remote.forwardedPortsContainer
2024-02-04 09:14:59.728 [info] Added views:workbench.views.extensions.installed,workbench.views.extensions.popular,extensions.recommendedList in workbench.view.extensions
2024-02-04 09:14:59.738 [info] Removed views:workbench.views.extensions.popular from workbench.view.extensions
2024-02-04 09:15:24.022 [info] Removed views:extensions.recommendedList,workbench.views.extensions.installed from workbench.view.extensions
2024-02-04 09:15:24.047 [info] Added views:workbench.views.extensions.marketplace in workbench.view.extensions
2024-02-04 09:18:06.843 [info] Removed views:workbench.view.testing from workbench.view.extension.test
2024-02-04 09:18:07.961 [info] Added views:workbench.panel.markers.view in workbench.panel.markers
2024-02-04 09:18:07.962 [info] Added views:workbench.panel.output in workbench.panel.output
2024-02-04 09:18:07.962 [info] Added views:terminal in terminal
2024-02-04 09:18:07.962 [info] Added views:outline in workbench.view.explorer
2024-02-04 09:18:07.962 [info] Added views:workbench.scm in workbench.view.scm
2024-02-04 09:18:07.962 [info] Added views:workbench.view.search in workbench.view.search
2024-02-04 09:18:07.962 [info] Added views:timeline in workbench.view.explorer
2024-02-04 09:18:07.962 [info] Added views:workbench.explorer.fileView in workbench.view.explorer
2024-02-04 09:18:08.480 [info] Added views:dockerExplorerContainers,dockerExplorerImages,azureRegistries,DockerHubTreeView,suggestedDockerImages in workbench.view.explorer
2024-02-04 09:18:08.482 [info] Added views:dockerContainers,dockerImages,dockerRegistries,dockerNetworks,dockerVolumes,vscode-docker.views.dockerContexts,vscode-docker.views.help in workbench.view.extension.dockerView
2024-02-04 09:18:08.482 [info] Added views:targetsContainers,devVolumes in workbench.view.remote
2024-02-04 09:18:08.483 [info] Added views:dockerComposeProjects,dockerComposeServices in workbench.view.extension.dockerComposeView
2024-02-04 09:18:08.484 [info] Added views:ansible-creator,lightspeed-explorer-treeview,lightspeed-feedback-webview in workbench.view.extension.ansible-explorer
2024-02-04 09:18:09.016 [info] Added views:workbench.debug.welcome in workbench.view.debug
2024-02-04 09:18:09.124 [info] Added views:workbench.panel.repl.view in workbench.panel.repl
2024-02-04 09:18:13.265 [info] Added views:~remote.forwardedPorts in ~remote.forwardedPortsContainer
2024-02-04 09:18:14.193 [info] Added views:workbench.views.extensions.installed,extensions.recommendedList in workbench.view.extensions
2024-02-04 09:18:37.247 [info] Added views:workbench.view.testing in workbench.view.extension.test
2024-02-04 09:20:18.168 [info] Removed views:extensions.recommendedList,workbench.views.extensions.installed from workbench.view.extensions
2024-02-04 09:20:18.183 [info] Added views:workbench.views.extensions.marketplace in workbench.view.extensions
2024-02-04 09:21:47.834 [info] Removed views:workbench.views.extensions.marketplace from workbench.view.extensions
2024-02-04 09:21:47.859 [info] Added views:workbench.views.extensions.installed,extensions.recommendedList in workbench.view.extensions
2024-02-04 09:22:22.996 [info] Removed views:extensions.recommendedList,workbench.views.extensions.installed from workbench.view.extensions
2024-02-04 09:22:23.011 [info] Added views:workbench.views.extensions.marketplace in workbench.view.extensions
2024-02-04 09:23:07.752 [info] Added views:~remote.helpPanel in workbench.view.remote
